<?xml version="1.0" encoding="UTF-8"?>
<!-- Generated by org.testng.reporters.JUnitReportReporter -->
<testsuite skipped="0" hostname="DESKTOP-KJHKC5D" name="tests.LoginTest" tests="1" failures="0" timestamp="05 Nov 2020 00:59:39 GMT" time="17.962" errors="0">
  <testcase name="loginToHotel" time="17.962" classname="tests.LoginTest"/>
</testsuite> <!-- tests.LoginTest -->
